2025-08-07 03:31:36,392 - pika.adapters.utils.connection_workflow - INFO    : Pika version 1.3.2 connecting to ('::1', 5672, 0, 0)
2025-08-07 03:31:36,403 - pika.adapters.utils.io_services_utils - INFO    : Socket connected: <socket.socket fd=7, family=10, type=1, proto=6, laddr=('::1', 49202, 0, 0), raddr=('::1', 5672, 0, 0)>
2025-08-07 03:31:36,404 - pika.adapters.utils.connection_workflow - INFO    : Streaming transport linked up: (<pika.adapters.utils.io_services_utils._AsyncPlaintextTransport object at 0x7f4bc1d791c0>, _StreamingProtocolShim: <SelectConnection PROTOCOL transport=<pika.adapters.utils.io_services_utils._AsyncPlaintextTransport object at 0x7f4bc1d791c0> params=<ConnectionParameters host=localhost port=5672 virtual_host=/ ssl=False>>).
2025-08-07 03:31:36,406 - pika.adapters.utils.connection_workflow - INFO    : AMQPConnector - reporting success: <SelectConnection OPEN transport=<pika.adapters.utils.io_services_utils._AsyncPlaintextTransport object at 0x7f4bc1d791c0> params=<ConnectionParameters host=localhost port=5672 virtual_host=/ ssl=False>>
2025-08-07 03:31:36,406 - pika.adapters.utils.connection_workflow - INFO    : AMQPConnectionWorkflow - reporting success: <SelectConnection OPEN transport=<pika.adapters.utils.io_services_utils._AsyncPlaintextTransport object at 0x7f4bc1d791c0> params=<ConnectionParameters host=localhost port=5672 virtual_host=/ ssl=False>>
2025-08-07 03:31:36,406 - pika.adapters.blocking_connection - INFO    : Connection workflow succeeded: <SelectConnection OPEN transport=<pika.adapters.utils.io_services_utils._AsyncPlaintextTransport object at 0x7f4bc1d791c0> params=<ConnectionParameters host=localhost port=5672 virtual_host=/ ssl=False>>
2025-08-07 03:31:36,406 - pika.adapters.blocking_connection - INFO    : Created channel=1
2025-08-07 03:31:36,407 - amqmonitoring.client - INFO    : Connected to RabbitMQ server at localhost
2025-08-07 03:31:36,407 - amqmonitoring.client - INFO    : Queue 'trace' declared
2025-08-07 03:31:36,407 - amqmonitoring.client - INFO    : Waiting for messages from queue 'trace'. To exit press CTRL+C
2025-08-07 03:31:36,407 - amqmonitoring.reader - INFO    : E: key2 R: value2 Q: value2 
b'{"key2": "value2"}'
2025-08-07 03:31:36,408 - amqmonitoring.reader - INFO    : E: key1 R: value4 Q: value4 
b'{"key1": "value4"}'
2025-08-07 03:31:36,408 - amqmonitoring.reader - INFO    : E: key2 R: value5 Q: value5 
b'{"key2": "value5"}'
2025-08-07 03:31:36,409 - amqmonitoring.reader - INFO    : E: key0 R: value1 Q: value1 
b'{"key0": "value1"}'
2025-08-07 03:31:36,409 - amqmonitoring.reader - INFO    : E: key0 R: value5 Q: value5 
b'{"key0": "value5"}'
2025-08-07 03:31:36,409 - amqmonitoring.reader - INFO    : E: key3 R: value5 Q: value5 
b'{"key3": "value5"}'
2025-08-07 03:31:36,409 - amqmonitoring.reader - INFO    : E: key3 R: value2 Q: value2 
b'{"key3": "value2"}'
2025-08-07 03:31:36,410 - amqmonitoring.reader - INFO    : E: key0 R: value1 Q: value1 
b'{"key0": "value1"}'
2025-08-07 03:31:36,410 - amqmonitoring.reader - INFO    : E: key2 R: value3 Q: value3 
b'{"key2": "value3"}'
2025-08-07 03:31:36,410 - amqmonitoring.reader - INFO    : E: key1 R: value4 Q: value4 
b'{"key1": "value4"}'
2025-08-07 03:31:36,410 - amqmonitoring.reader - INFO    : E: key3 R: value3 Q: value3 
b'{"key3": "value3"}'
2025-08-07 03:31:36,411 - amqmonitoring.reader - INFO    : E: key3 R: value5 Q: value5 
b'{"key3": "value5"}'
2025-08-07 03:31:36,411 - amqmonitoring.reader - INFO    : E: key2 R: value5 Q: value5 
b'{"key2": "value5"}'
2025-08-07 03:31:36,411 - amqmonitoring.reader - INFO    : E: key3 R: value2 Q: value2 
b'{"key3": "value2"}'
2025-08-07 03:31:36,411 - amqmonitoring.reader - INFO    : E: key2 R: value4 Q: value4 
b'{"key2": "value4"}'
2025-08-07 03:31:36,412 - amqmonitoring.reader - INFO    : E: key0 R: value5 Q: value5 
b'{"key0": "value5"}'
2025-08-07 03:31:36,412 - amqmonitoring.reader - INFO    : E: key0 R: value3 Q: value3 
b'{"key0": "value3"}'
2025-08-07 03:31:36,412 - amqmonitoring.reader - INFO    : E: key0 R: value2 Q: value2 
b'{"key0": "value2"}'
2025-08-07 03:31:36,412 - amqmonitoring.reader - INFO    : E: key1 R: value2 Q: value2 
b'{"key1": "value2"}'
2025-08-07 03:31:36,413 - amqmonitoring.reader - INFO    : E: key3 R: value1 Q: value1 
b'{"key3": "value1"}'
2025-08-07 03:31:36,413 - amqmonitoring.reader - INFO    : E: key3 R: value0 Q: value0 
b'{"key3": "value0"}'
2025-08-07 03:31:36,413 - amqmonitoring.reader - INFO    : E: key2 R: value1 Q: value1 
b'{"key2": "value1"}'
2025-08-07 03:31:36,413 - amqmonitoring.reader - INFO    : E: key1 R: value3 Q: value3 
b'{"key1": "value3"}'
2025-08-07 03:31:36,413 - amqmonitoring.reader - INFO    : E: key0 R: value0 Q: value0 
b'{"key0": "value0"}'
2025-08-07 03:31:36,414 - amqmonitoring.reader - INFO    : E: key3 R: value4 Q: value4 
b'{"key3": "value4"}'
2025-08-07 03:31:36,414 - amqmonitoring.reader - INFO    : E: key2 R: value3 Q: value3 
b'{"key2": "value3"}'
2025-08-07 03:31:36,414 - amqmonitoring.reader - INFO    : E: key1 R: value4 Q: value4 
b'{"key1": "value4"}'
2025-08-07 03:31:36,415 - amqmonitoring.reader - INFO    : E: key1 R: value3 Q: value3 
b'{"key1": "value3"}'
2025-08-07 03:31:36,415 - amqmonitoring.reader - INFO    : E: key1 R: value1 Q: value1 
b'{"key1": "value1"}'
2025-08-07 03:31:36,415 - amqmonitoring.reader - INFO    : E: key0 R: value4 Q: value4 
b'{"key0": "value4"}'
2025-08-07 03:31:36,415 - amqmonitoring.reader - INFO    : E: key0 R: value4 Q: value4 
b'{"key0": "value4"}'
2025-08-07 03:31:36,415 - amqmonitoring.reader - INFO    : E: key0 R: value2 Q: value2 
b'{"key0": "value2"}'
2025-08-07 03:31:36,416 - amqmonitoring.reader - INFO    : E: key0 R: value1 Q: value1 
b'{"key0": "value1"}'
2025-08-07 03:31:36,416 - amqmonitoring.reader - INFO    : E: key2 R: value0 Q: value0 
b'{"key2": "value0"}'
2025-08-07 03:31:36,416 - amqmonitoring.reader - INFO    : E: key0 R: value4 Q: value4 
b'{"key0": "value4"}'
2025-08-07 03:31:36,416 - amqmonitoring.reader - INFO    : E: key3 R: value2 Q: value2 
b'{"key3": "value2"}'
2025-08-07 03:31:36,417 - amqmonitoring.reader - INFO    : E: key2 R: value5 Q: value5 
b'{"key2": "value5"}'
2025-08-07 03:31:36,417 - amqmonitoring.reader - INFO    : E: key2 R: value5 Q: value5 
b'{"key2": "value5"}'
2025-08-07 03:31:36,417 - amqmonitoring.reader - INFO    : E: key2 R: value1 Q: value1 
b'{"key2": "value1"}'
2025-08-07 03:31:36,417 - amqmonitoring.reader - INFO    : E: key0 R: value0 Q: value0 
b'{"key0": "value0"}'
2025-08-07 03:31:36,417 - amqmonitoring.reader - INFO    : E: key0 R: value1 Q: value1 
b'{"key0": "value1"}'
2025-08-07 03:31:36,418 - amqmonitoring.reader - INFO    : E: key1 R: value5 Q: value5 
b'{"key1": "value5"}'
2025-08-07 03:31:36,418 - amqmonitoring.reader - INFO    : E: key3 R: value2 Q: value2 
b'{"key3": "value2"}'
2025-08-07 03:31:36,418 - amqmonitoring.reader - INFO    : E: key0 R: value1 Q: value1 
b'{"key0": "value1"}'
2025-08-07 03:31:36,418 - amqmonitoring.reader - INFO    : E: key2 R: value1 Q: value1 
b'{"key2": "value1"}'
2025-08-07 03:31:36,419 - amqmonitoring.reader - INFO    : E: key0 R: value5 Q: value5 
b'{"key0": "value5"}'
2025-08-07 03:31:36,419 - amqmonitoring.reader - INFO    : E: key2 R: value3 Q: value3 
b'{"key2": "value3"}'
2025-08-07 03:31:36,419 - amqmonitoring.reader - INFO    : E: key1 R: value0 Q: value0 
b'{"key1": "value0"}'
2025-08-07 03:31:36,420 - amqmonitoring.reader - INFO    : E: key2 R: value3 Q: value3 
b'{"key2": "value3"}'
2025-08-07 03:31:36,420 - amqmonitoring.reader - INFO    : E: key1 R: value4 Q: value4 
b'{"key1": "value4"}'
2025-08-07 03:31:36,421 - amqmonitoring.reader - INFO    : E: key1 R: value1 Q: value1 
b'{"key1": "value1"}'
2025-08-07 03:31:36,421 - amqmonitoring.reader - INFO    : E: key0 R: value1 Q: value1 
b'{"key0": "value1"}'
2025-08-07 03:31:36,421 - amqmonitoring.reader - INFO    : E: key3 R: value0 Q: value0 
b'{"key3": "value0"}'
2025-08-07 03:31:36,421 - amqmonitoring.reader - INFO    : E: key3 R: value2 Q: value2 
b'{"key3": "value2"}'
2025-08-07 03:31:36,422 - amqmonitoring.reader - INFO    : E: key2 R: value1 Q: value1 
b'{"key2": "value1"}'
2025-08-07 03:31:36,422 - amqmonitoring.reader - INFO    : E: key2 R: value2 Q: value2 
b'{"key2": "value2"}'
2025-08-07 03:31:36,422 - amqmonitoring.reader - INFO    : E: key0 R: value5 Q: value5 
b'{"key0": "value5"}'
2025-08-07 03:31:36,423 - amqmonitoring.reader - INFO    : E: key1 R: value4 Q: value4 
b'{"key1": "value4"}'
2025-08-07 03:31:36,423 - amqmonitoring.reader - INFO    : E: key0 R: value2 Q: value2 
b'{"key0": "value2"}'
2025-08-07 03:31:36,423 - amqmonitoring.reader - INFO    : E: key1 R: value3 Q: value3 
b'{"key1": "value3"}'
2025-08-07 03:31:36,423 - amqmonitoring.reader - INFO    : E: key3 R: value0 Q: value0 
b'{"key3": "value0"}'
2025-08-07 03:31:36,424 - amqmonitoring.reader - INFO    : E: key0 R: value5 Q: value5 
b'{"key0": "value5"}'
2025-08-07 03:31:36,424 - amqmonitoring.reader - INFO    : E: key1 R: value4 Q: value4 
b'{"key1": "value4"}'
2025-08-07 03:31:36,424 - amqmonitoring.reader - INFO    : E: key1 R: value5 Q: value5 
b'{"key1": "value5"}'
2025-08-07 03:31:36,424 - amqmonitoring.reader - INFO    : E: key3 R: value3 Q: value3 
b'{"key3": "value3"}'
2025-08-07 03:31:36,425 - amqmonitoring.reader - INFO    : E: key0 R: value1 Q: value1 
b'{"key0": "value1"}'
2025-08-07 03:31:36,425 - amqmonitoring.reader - INFO    : E: key1 R: value3 Q: value3 
b'{"key1": "value3"}'
2025-08-07 03:31:36,425 - amqmonitoring.reader - INFO    : E: key1 R: value1 Q: value1 
b'{"key1": "value1"}'
2025-08-07 03:31:36,425 - amqmonitoring.reader - INFO    : E: key2 R: value5 Q: value5 
b'{"key2": "value5"}'
2025-08-07 03:31:36,426 - amqmonitoring.reader - INFO    : E: key3 R: value3 Q: value3 
b'{"key3": "value3"}'
2025-08-07 03:31:36,426 - amqmonitoring.reader - INFO    : E: key1 R: value4 Q: value4 
b'{"key1": "value4"}'
2025-08-07 03:31:36,426 - amqmonitoring.reader - INFO    : E: key2 R: value3 Q: value3 
b'{"key2": "value3"}'
2025-08-07 03:31:36,426 - amqmonitoring.reader - INFO    : E: key3 R: value5 Q: value5 
b'{"key3": "value5"}'
2025-08-07 03:31:36,427 - amqmonitoring.reader - INFO    : E: key3 R: value5 Q: value5 
b'{"key3": "value5"}'
2025-08-07 03:31:36,427 - amqmonitoring.reader - INFO    : E: key2 R: value1 Q: value1 
b'{"key2": "value1"}'
2025-08-07 03:31:36,427 - amqmonitoring.reader - INFO    : E: key0 R: value0 Q: value0 
b'{"key0": "value0"}'
2025-08-07 03:31:36,428 - amqmonitoring.reader - INFO    : E: key1 R: value0 Q: value0 
b'{"key1": "value0"}'
2025-08-07 03:31:36,428 - amqmonitoring.reader - INFO    : E: key3 R: value3 Q: value3 
b'{"key3": "value3"}'
2025-08-07 03:31:36,428 - amqmonitoring.reader - INFO    : E: key2 R: value3 Q: value3 
b'{"key2": "value3"}'
2025-08-07 03:31:36,428 - amqmonitoring.reader - INFO    : E: key1 R: value1 Q: value1 
b'{"key1": "value1"}'
2025-08-07 03:31:36,428 - amqmonitoring.reader - INFO    : E: key3 R: value0 Q: value0 
b'{"key3": "value0"}'
2025-08-07 03:31:36,429 - amqmonitoring.reader - INFO    : E: key3 R: value4 Q: value4 
b'{"key3": "value4"}'
2025-08-07 03:31:36,429 - amqmonitoring.reader - INFO    : E: key0 R: value5 Q: value5 
b'{"key0": "value5"}'
2025-08-07 03:31:36,429 - amqmonitoring.reader - INFO    : E: key1 R: value3 Q: value3 
b'{"key1": "value3"}'
2025-08-07 03:31:36,429 - amqmonitoring.reader - INFO    : E: key2 R: value1 Q: value1 
b'{"key2": "value1"}'
2025-08-07 03:31:36,430 - amqmonitoring.reader - INFO    : E: key0 R: value4 Q: value4 
b'{"key0": "value4"}'
2025-08-07 03:31:36,430 - amqmonitoring.reader - INFO    : E: key0 R: value2 Q: value2 
b'{"key0": "value2"}'
2025-08-07 03:31:36,430 - amqmonitoring.reader - INFO    : E: key2 R: value0 Q: value0 
b'{"key2": "value0"}'
2025-08-07 03:31:36,430 - amqmonitoring.reader - INFO    : E: key3 R: value0 Q: value0 
b'{"key3": "value0"}'
2025-08-07 03:31:36,430 - amqmonitoring.reader - INFO    : E: key3 R: value1 Q: value1 
b'{"key3": "value1"}'
2025-08-07 03:31:36,431 - amqmonitoring.reader - INFO    : E: key0 R: value0 Q: value0 
b'{"key0": "value0"}'
2025-08-07 03:31:36,431 - amqmonitoring.reader - INFO    : E: key0 R: value3 Q: value3 
b'{"key0": "value3"}'
2025-08-07 03:31:36,431 - amqmonitoring.reader - INFO    : E: key2 R: value2 Q: value2 
b'{"key2": "value2"}'
2025-08-07 03:31:36,431 - amqmonitoring.reader - INFO    : E: key1 R: value0 Q: value0 
b'{"key1": "value0"}'
2025-08-07 03:31:36,431 - amqmonitoring.reader - INFO    : E: key2 R: value2 Q: value2 
b'{"key2": "value2"}'
2025-08-07 03:31:36,432 - amqmonitoring.reader - INFO    : E: key3 R: value4 Q: value4 
b'{"key3": "value4"}'
2025-08-07 03:31:37,358 - amqmonitoring.reader - INFO    : E: key0 R: value0 Q: value0 
b'{"key0": "value0"}'
2025-08-07 03:31:38,360 - amqmonitoring.reader - INFO    : E: key0 R: value3 Q: value3 
b'{"key0": "value3"}'
2025-08-07 03:31:39,362 - amqmonitoring.reader - INFO    : E: key2 R: value0 Q: value0 
b'{"key2": "value0"}'
2025-08-07 03:31:40,364 - amqmonitoring.reader - INFO    : E: key0 R: value3 Q: value3 
b'{"key0": "value3"}'
2025-08-07 03:31:41,366 - amqmonitoring.reader - INFO    : E: key1 R: value4 Q: value4 
b'{"key1": "value4"}'
2025-08-07 03:31:41,462 - amqmonitoring.client - INFO    : Stopping consumer...
2025-08-07 03:31:41,464 - pika.adapters.blocking_connection - INFO    : Closing connection (200): Normal shutdown
2025-08-07 03:31:41,464 - pika.channel - INFO    : Closing channel (200): 'Normal shutdown' on <Channel number=1 OPEN conn=<SelectConnection OPEN transport=<pika.adapters.utils.io_services_utils._AsyncPlaintextTransport object at 0x7f4bc1d791c0> params=<ConnectionParameters host=localhost port=5672 virtual_host=/ ssl=False>>>
2025-08-07 03:31:41,464 - pika.channel - INFO    : Received <Channel.CloseOk> on <Channel number=1 CLOSING conn=<SelectConnection OPEN transport=<pika.adapters.utils.io_services_utils._AsyncPlaintextTransport object at 0x7f4bc1d791c0> params=<ConnectionParameters host=localhost port=5672 virtual_host=/ ssl=False>>>
2025-08-07 03:31:41,464 - pika.connection - INFO    : Closing connection (200): 'Normal shutdown'
2025-08-07 03:31:41,465 - pika.adapters.utils.io_services_utils - INFO    : Aborting transport connection: state=1; <socket.socket fd=7, family=10, type=1, proto=6, laddr=('::1', 49202, 0, 0), raddr=('::1', 5672, 0, 0)>
2025-08-07 03:31:41,465 - pika.adapters.utils.io_services_utils - INFO    : _AsyncTransportBase._initate_abort(): Initiating abrupt asynchronous transport shutdown: state=1; error=None; <socket.socket fd=7, family=10, type=1, proto=6, laddr=('::1', 49202, 0, 0), raddr=('::1', 5672, 0, 0)>
2025-08-07 03:31:41,465 - pika.adapters.utils.io_services_utils - INFO    : Deactivating transport: state=1; <socket.socket fd=7, family=10, type=1, proto=6, laddr=('::1', 49202, 0, 0), raddr=('::1', 5672, 0, 0)>
2025-08-07 03:31:41,465 - pika.connection - INFO    : AMQP stack terminated, failed to connect, or aborted: opened=True, error-arg=None; pending-error=ConnectionClosedByClient: (200) 'Normal shutdown'
2025-08-07 03:31:41,465 - pika.connection - INFO    : Stack terminated due to ConnectionClosedByClient: (200) 'Normal shutdown'
2025-08-07 03:31:41,465 - pika.adapters.utils.io_services_utils - INFO    : Closing transport socket and unlinking: state=3; <socket.socket fd=7, family=10, type=1, proto=6, laddr=('::1', 49202, 0, 0), raddr=('::1', 5672, 0, 0)>
2025-08-07 03:31:41,465 - pika.adapters.blocking_connection - INFO    : User-initiated close: result=BlockingConnection__OnClosedArgs(connection=<SelectConnection CLOSED transport=None params=<ConnectionParameters host=localhost port=5672 virtual_host=/ ssl=False>>, error=ConnectionClosedByClient: (200) 'Normal shutdown')
2025-08-07 03:31:41,465 - amqmonitoring.client - INFO    : Connection closed
2025-08-07 03:31:41,466 - amqmonitoring.reader - INFO    : Traces saved to `results/AMQP_Traces_2025-08-07_03-31-36.json`.
