2025-08-07 03:29:57,697 - pika.adapters.utils.connection_workflow - INFO    : Pika version 1.3.2 connecting to ('::1', 5672, 0, 0)
2025-08-07 03:29:57,708 - pika.adapters.utils.io_services_utils - INFO    : Socket connected: <socket.socket fd=7, family=10, type=1, proto=6, laddr=('::1', 44256, 0, 0), raddr=('::1', 5672, 0, 0)>
2025-08-07 03:29:57,709 - pika.adapters.utils.connection_workflow - INFO    : Streaming transport linked up: (<pika.adapters.utils.io_services_utils._AsyncPlaintextTransport object at 0x7f885a3b51f0>, _StreamingProtocolShim: <SelectConnection PROTOCOL transport=<pika.adapters.utils.io_services_utils._AsyncPlaintextTransport object at 0x7f885a3b51f0> params=<ConnectionParameters host=localhost port=5672 virtual_host=/ ssl=False>>).
2025-08-07 03:29:57,711 - pika.adapters.utils.connection_workflow - INFO    : AMQPConnector - reporting success: <SelectConnection OPEN transport=<pika.adapters.utils.io_services_utils._AsyncPlaintextTransport object at 0x7f885a3b51f0> params=<ConnectionParameters host=localhost port=5672 virtual_host=/ ssl=False>>
2025-08-07 03:29:57,711 - pika.adapters.utils.connection_workflow - INFO    : AMQPConnectionWorkflow - reporting success: <SelectConnection OPEN transport=<pika.adapters.utils.io_services_utils._AsyncPlaintextTransport object at 0x7f885a3b51f0> params=<ConnectionParameters host=localhost port=5672 virtual_host=/ ssl=False>>
2025-08-07 03:29:57,711 - pika.adapters.blocking_connection - INFO    : Connection workflow succeeded: <SelectConnection OPEN transport=<pika.adapters.utils.io_services_utils._AsyncPlaintextTransport object at 0x7f885a3b51f0> params=<ConnectionParameters host=localhost port=5672 virtual_host=/ ssl=False>>
2025-08-07 03:29:57,712 - pika.adapters.blocking_connection - INFO    : Created channel=1
2025-08-07 03:29:57,713 - amqmonitoring.client - INFO    : Connected to RabbitMQ server at localhost
2025-08-07 03:29:57,713 - amqmonitoring.client - INFO    : Queue 'trace' declared
2025-08-07 03:29:57,713 - amqmonitoring.client - INFO    : Waiting for messages from queue 'trace'. To exit press CTRL+C
2025-08-07 03:29:57,713 - amqmonitoring.reader - INFO    : E: key2 R: value5 Q: value5 
b'{"key2": "value5"}'
2025-08-07 03:29:57,714 - amqmonitoring.reader - INFO    : E: key3 R: value1 Q: value1 
b'{"key3": "value1"}'
2025-08-07 03:29:57,714 - amqmonitoring.reader - INFO    : E: key2 R: value3 Q: value3 
b'{"key2": "value3"}'
2025-08-07 03:29:57,714 - amqmonitoring.reader - INFO    : E: key0 R: value0 Q: value0 
b'{"key0": "value0"}'
2025-08-07 03:29:57,715 - amqmonitoring.reader - INFO    : E: key0 R: value5 Q: value5 
b'{"key0": "value5"}'
2025-08-07 03:29:57,715 - amqmonitoring.reader - INFO    : E: key1 R: value5 Q: value5 
b'{"key1": "value5"}'
2025-08-07 03:29:57,715 - amqmonitoring.reader - INFO    : E: key1 R: value0 Q: value0 
b'{"key1": "value0"}'
2025-08-07 03:29:57,715 - amqmonitoring.reader - INFO    : E: key0 R: value1 Q: value1 
b'{"key0": "value1"}'
2025-08-07 03:29:57,715 - amqmonitoring.reader - INFO    : E: key3 R: value0 Q: value0 
b'{"key3": "value0"}'
2025-08-07 03:29:57,716 - amqmonitoring.reader - INFO    : E: key1 R: value3 Q: value3 
b'{"key1": "value3"}'
2025-08-07 03:29:57,716 - amqmonitoring.reader - INFO    : E: key3 R: value1 Q: value1 
b'{"key3": "value1"}'
2025-08-07 03:29:57,716 - amqmonitoring.reader - INFO    : E: key2 R: value1 Q: value1 
b'{"key2": "value1"}'
2025-08-07 03:29:57,717 - amqmonitoring.reader - INFO    : E: key1 R: value1 Q: value1 
b'{"key1": "value1"}'
2025-08-07 03:29:57,717 - amqmonitoring.reader - INFO    : E: key2 R: value0 Q: value0 
b'{"key2": "value0"}'
2025-08-07 03:29:57,717 - amqmonitoring.reader - INFO    : E: key3 R: value4 Q: value4 
b'{"key3": "value4"}'
2025-08-07 03:29:57,717 - amqmonitoring.reader - INFO    : E: key0 R: value0 Q: value0 
b'{"key0": "value0"}'
2025-08-07 03:29:57,718 - amqmonitoring.reader - INFO    : E: key2 R: value2 Q: value2 
b'{"key2": "value2"}'
2025-08-07 03:29:57,718 - amqmonitoring.reader - INFO    : E: key2 R: value3 Q: value3 
b'{"key2": "value3"}'
2025-08-07 03:29:57,718 - amqmonitoring.reader - INFO    : E: key3 R: value4 Q: value4 
b'{"key3": "value4"}'
2025-08-07 03:29:58,176 - amqmonitoring.reader - INFO    : E: key0 R: value3 Q: value3 
b'{"key0": "value3"}'
2025-08-07 03:29:59,177 - amqmonitoring.reader - INFO    : E: key3 R: value4 Q: value4 
b'{"key3": "value4"}'
2025-08-07 03:30:00,179 - amqmonitoring.reader - INFO    : E: key3 R: value3 Q: value3 
b'{"key3": "value3"}'
2025-08-07 03:30:01,009 - amqmonitoring.client - INFO    : Stopping consumer...
2025-08-07 03:30:01,010 - pika.adapters.blocking_connection - INFO    : Closing connection (200): Normal shutdown
2025-08-07 03:30:01,010 - pika.channel - INFO    : Closing channel (200): 'Normal shutdown' on <Channel number=1 OPEN conn=<SelectConnection OPEN transport=<pika.adapters.utils.io_services_utils._AsyncPlaintextTransport object at 0x7f885a3b51f0> params=<ConnectionParameters host=localhost port=5672 virtual_host=/ ssl=False>>>
2025-08-07 03:30:01,010 - pika.channel - INFO    : Received <Channel.CloseOk> on <Channel number=1 CLOSING conn=<SelectConnection OPEN transport=<pika.adapters.utils.io_services_utils._AsyncPlaintextTransport object at 0x7f885a3b51f0> params=<ConnectionParameters host=localhost port=5672 virtual_host=/ ssl=False>>>
2025-08-07 03:30:01,010 - pika.connection - INFO    : Closing connection (200): 'Normal shutdown'
2025-08-07 03:30:01,011 - pika.adapters.utils.io_services_utils - INFO    : Aborting transport connection: state=1; <socket.socket fd=7, family=10, type=1, proto=6, laddr=('::1', 44256, 0, 0), raddr=('::1', 5672, 0, 0)>
2025-08-07 03:30:01,011 - pika.adapters.utils.io_services_utils - INFO    : _AsyncTransportBase._initate_abort(): Initiating abrupt asynchronous transport shutdown: state=1; error=None; <socket.socket fd=7, family=10, type=1, proto=6, laddr=('::1', 44256, 0, 0), raddr=('::1', 5672, 0, 0)>
2025-08-07 03:30:01,011 - pika.adapters.utils.io_services_utils - INFO    : Deactivating transport: state=1; <socket.socket fd=7, family=10, type=1, proto=6, laddr=('::1', 44256, 0, 0), raddr=('::1', 5672, 0, 0)>
2025-08-07 03:30:01,011 - pika.connection - INFO    : AMQP stack terminated, failed to connect, or aborted: opened=True, error-arg=None; pending-error=ConnectionClosedByClient: (200) 'Normal shutdown'
2025-08-07 03:30:01,011 - pika.connection - INFO    : Stack terminated due to ConnectionClosedByClient: (200) 'Normal shutdown'
2025-08-07 03:30:01,011 - pika.adapters.utils.io_services_utils - INFO    : Closing transport socket and unlinking: state=3; <socket.socket fd=7, family=10, type=1, proto=6, laddr=('::1', 44256, 0, 0), raddr=('::1', 5672, 0, 0)>
2025-08-07 03:30:01,011 - pika.adapters.blocking_connection - INFO    : User-initiated close: result=BlockingConnection__OnClosedArgs(connection=<SelectConnection CLOSED transport=None params=<ConnectionParameters host=localhost port=5672 virtual_host=/ ssl=False>>, error=ConnectionClosedByClient: (200) 'Normal shutdown')
2025-08-07 03:30:01,011 - amqmonitoring.client - INFO    : Connection closed
2025-08-07 03:30:01,012 - amqmonitoring.reader - INFO    : Traces saved to `results/AMQP_Traces_2025-08-07_03:29:57.json`.
