2025-08-04 10:10:25 | INFO | main:394 - view server @ https://localhost:9443-{}
2025-08-04 10:10:26 | SUCCESS | get_platform_origin:357 - Got response from https://localhost:9443/open-metadata/platform-services/users/erinoverview/server-platform/origin
 Response: Egeria OMAG Server Platform (version 5.4-SNAPSHOT)-{}
2025-08-04 10:10:26 | INFO | __init__:76 - CollectionManager initialized, platform origin is: True-{}
2025-08-04 10:10:27 | ERROR | __init__:235 - 

=> 	SERVER_ERROR_500
=>	Egeria detected error: `https://localhost:9443/servers/qs-view-server/api/open-metadata/collection-manager/collections/by-search-string?startFrom=0&pageSize=0&startsWith=true&endsWith=false&ignoreCase=false`.
	* Context: 
		* class name=`Client2`
		* caller method=`_async_find_collections_w_body`
	* System Action: Server-side issue requires attention.
	* User Action: Contact server support.
	* HTTP Code: 200

	Egeria detected error: `OPEN-METADATA-400-022`.
		* class = OpenMetadataRootElementsResponse
		* relatedHTTPCode = 400
		* exceptionClassName = org.odpi.openmetadata.frameworks.openmetadata.ffdc.InvalidParameterException
		* actionDescription = findCollections
		* exceptionErrorMessage = OPEN-METADATA-400-022 The search string passed on the searchString parameter of the findCollections operation is null
		* exceptionErrorMessageId = OPEN-METADATA-400-022
		* exceptionErrorMessageParameters = ['searchString', 'findCollections']
		* exceptionSystemAction = The system is unable to process the request without a search string.
		* exceptionUserAction = Correct the code in the caller to provide the search string.
		* exceptionProperties = `searchString`
-{'ip': URL('https://localhost:9443/servers/qs-view-server/api/open-metadata/collection-manager/collections/by-search-string?startFrom=0&pageSize=0&startsWith=true&endsWith=false&ignoreCase=false'), 'http_code': 200, 'pyegeria_code': 'SERVER_ERROR_500'}
