Options:
csv_file: origin_destination_test.csv
api_key: ********
threshold: 50
width: 100
buffer: 100
approximation: exact
commuting_info: yes
home_a_lat: home_A_latitude
home_a_lon: home_A_longitude
work_a_lat: work_A_latitude
work_a_lon: work_A_longitude
home_b_lat: home_B_latitude
home_b_lon: home_B_longitude
work_b_lat: work_B_latitude
work_b_lon: work_B_longitude
id_column: None
skip_invalid: True
save_api_info: True
Pre-API Error Count: 4
Post-API Error Count: 10
Total API Calls: 29
Generated on: 2025-06-11 11:34:10.566210
